<?xml version="1.0" encoding="utf-8"?><testsuites><testsuite name="pytest" errors="1" failures="0" skipped="0" tests="42" time="12.941" timestamp="2025-02-07T14:32:07.614233+01:00" hostname="DESKTOP-8C833OJ"><testcase classname="" name="examples.tests.test_arc56_test_client" time="0.000"><error message="collection failure">ImportError while importing test module 'C:\Users\ciott\PycharmProjects\algokit-client-generator-py\examples\tests\test_arc56_test_client.py'.
Hint: make sure your test modules/packages have valid Python names.
Traceback:
..\..\.pyenv\pyenv-win\versions\3.12.2\Lib\importlib\__init__.py:90: in import_module
    return _bootstrap._gcd_import(name[level:], package, level)
examples\tests\test_arc56_test_client.py:9: in &lt;module&gt;
    from examples.smart_contracts.artifacts.arc56_test.ARC56_test_client import (
E   ModuleNotFoundError: No module named 'examples.smart_contracts.artifacts.arc56_test.ARC56_test_client'</error></testcase><testcase classname="examples.tests.test_life_cycle_client" name="test_deploy_bare" time="1.824" /><testcase classname="examples.tests.test_hello_world_client" name="test_simulate_hello" time="1.756" /><testcase classname="examples.tests.test_hello_world_client" name="test_calls_hello" time="2.051" /><testcase classname="examples.tests.test_nested_client" name="test_nested_method_call_with_obj_args_with_pay_txn" time="1.902" /><testcase classname="examples.tests.test_life_cycle_client" name="test_create_bare" time="1.858" /><testcase classname="examples.tests.test_nested_client" name="test_nested_method_call_with_obj_args_without_pay_txn" time="1.928" /><testcase classname="examples.tests.test_life_cycle_client" name="test_deploy_create_2arg" time="1.880" /><testcase classname="examples.tests.test_life_cycle_client" name="test_create_2arg" time="1.882" /><testcase classname="examples.tests.test_hello_world_client" name="test_can_be_cloned" time="1.529" /><testcase classname="examples.tests.test_life_cycle_client" name="test_create_1arg" time="1.662" /><testcase classname="examples.tests.test_minimal_client" name="test_delete" time="1.602" /><testcase classname="examples.tests.test_nested_client" name="test_nested_method_call_with_tuple_args_with_pay_txn" time="1.651" /><testcase classname="examples.tests.test_life_cycle_client" name="test_create_bare_optin" time="1.680" /><testcase classname="examples.tests.test_life_cycle_client" name="test_deploy_create_1arg" time="1.720" /><testcase classname="examples.tests.test_nested_client" name="test_nested_method_call_with_tuple_args_without_pay_txn" time="1.812" /><testcase classname="examples.tests.test_hello_world_client" name="test_composer_with_manual_transaction" time="1.708" /><testcase classname="examples.tests.test_state_client" name="test_exposes_state_correctly" time="1.949" /><testcase classname="examples.tests.test_state_client" name="test_readonly_methods_dont_consume_algos" time="2.953" /><testcase classname="examples.tests.test_state_client" name="test_methods_can_be_composed" time="1.816" /><testcase classname="examples.tests.test_structs_client" name="test_root_struct_from_response_is_dataclass" time="1.568" /><testcase classname="examples.tests.test_state_client" name="test_arguments_with_defaults" time="2.290" /><testcase classname="examples.tests.test_state_client" name="test_call_with_references" time="1.735" /><testcase classname="examples.tests.test_structs_client" name="test_nested_structs_from_response_are_dataclasses" time="1.590" /><testcase classname="examples.tests.test_structs_client" name="test_nested_structs_from_state_are_dataclasses" time="3.156" /><testcase classname="tests.test_generator" name="test_generate_clients[hello_world-arc32]" time="0.041" /><testcase classname="tests.test_generator" name="test_generate_clients[duplicate_structs-arc32]" time="0.034" /><testcase classname="tests.test_generator" name="test_generate_clients[arc56_test-arc56]" time="0.055" /><testcase classname="tests.test_generator" name="test_generate_clients[structs-arc56]" time="0.044" /><testcase classname="tests.test_generator" name="test_generate_clients[nfd-arc56]" time="0.318" /><testcase classname="tests.test_generator" name="test_generate_clients[nested-arc56]" time="0.037" /><testcase classname="tests.test_generator" name="test_generate_clients[zero_coupon_bond-arc56]" time="0.125" /><testcase classname="tests.test_generator" name="test_generate_clients[reti-arc56]" time="0.330" /><testcase classname="examples.tests.test_voting_client" name="test_it_works_using_the_fluent_composer" time="1.850" /><testcase classname="examples.tests.test_voting_client" name="test_struct_mapping" time="1.620" /><testcase classname="tests.test_generator" name="test_generate_clients[state-arc32]" time="0.116" /><testcase classname="tests.test_generator" name="test_generate_clients[life_cycle-arc32]" time="0.054" /><testcase classname="examples.tests.test_voting_client" name="test_global_state" time="1.629" /><testcase classname="tests.test_generator" name="test_generate_clients[voting_round-arc32]" time="0.059" /><testcase classname="tests.test_generator" name="test_generate_clients[minimal-arc32]" time="0.034" /><testcase classname="examples.tests.test_voting_client" name="test_it_works_with_manual_use_of_the_transaction_composer" time="1.999" /><testcase classname="examples.tests.test_voting_client" name="test_works_with_separate_transactions" time="1.881" /></testsuite></testsuites>