<?xml version="1.0" encoding="utf-8"?><testsuites><testsuite name="pytest" errors="0" failures="0" skipped="0" tests="33" time="9.230" timestamp="2025-01-22T01:28:35.694830+01:00" hostname="MakerX-Air.local"><testcase classname="examples.helloworld.test_client" name="test_simulate_hello" time="1.071" /><testcase classname="examples.lifecycle.test_client" name="test_create_bare" time="1.099" /><testcase classname="examples.nested.test_client" name="test_nested_method_call_with_obj_args_without_pay_txn" time="1.135" /><testcase classname="examples.lifecycle.test_client" name="test_deploy_bare" time="1.108" /><testcase classname="examples.lifecycle.test_client" name="test_create_2arg" time="1.113" /><testcase classname="examples.lifecycle.test_client" name="test_deploy_create_2arg" time="1.155" /><testcase classname="examples.helloworld.test_client" name="test_calls_hello" time="1.177" /><testcase classname="examples.arc56_test.test_client" name="test_arc56_demo" time="2.500" /><testcase classname="examples.helloworld.test_client" name="test_can_be_cloned" time="0.915" /><testcase classname="examples.lifecycle.test_client" name="test_deploy_create_1arg" time="1.001" /><testcase classname="examples.nested.test_client" name="test_nested_method_call_with_tuple_args_without_pay_txn" time="1.102" /><testcase classname="examples.lifecycle.test_client" name="test_create_bare_optin" time="1.028" /><testcase classname="examples.lifecycle.test_client" name="test_create_1arg" time="1.055" /><testcase classname="examples.helloworld.test_client" name="test_composer_with_manual_transaction" time="1.108" /><testcase classname="examples.minimal.test_client" name="test_delete" time="0.981" /><testcase classname="examples.state.test_client" name="test_readonly_methods_dont_consume_algos" time="2.583" /><testcase classname="examples.nested.test_client" name="test_nested_method_call_with_obj_args_with_pay_txn" time="1.404" /><testcase classname="examples.state.test_client" name="test_methods_can_be_composed" time="1.310" /><testcase classname="examples.state.test_client" name="test_arguments_with_defaults" time="1.461" /><testcase classname="examples.nested.test_client" name="test_nested_method_call_with_tuple_args_with_pay_txn" time="1.332" /><testcase classname="examples.state.test_client" name="test_call_with_references" time="1.265" /><testcase classname="examples.state.test_client" name="test_exposes_state_correctly" time="1.463" /><testcase classname="tests.test_generator" name="test_generate_clients[lifecycle]" time="0.026" /><testcase classname="examples.global_state_struct.test_client" name="test_global_state_struct" time="1.132" /><testcase classname="tests.test_generator" name="test_generate_clients[minimal]" time="0.013" /><testcase classname="tests.test_generator" name="test_generate_clients[helloworld]" time="0.015" /><testcase classname="examples.voting.test_client" name="test_struct_mapping" time="1.340" /><testcase classname="examples.voting.test_client" name="test_works_with_separate_transactions" time="2.289" /><testcase classname="examples.voting.test_client" name="test_it_works_with_manual_use_of_the_transaction_composer" time="2.292" /><testcase classname="tests.test_generator" name="test_generate_clients[state]" time="0.368" /><testcase classname="tests.test_generator" name="test_generate_clients[voting]" time="0.040" /><testcase classname="examples.voting.test_client" name="test_it_works_using_the_fluent_composer" time="2.294" /><testcase classname="examples.voting.test_client" name="test_global_state" time="1.735" /></testsuite></testsuites>